mode: set
github.com/scyanh/crawler/pkg/infra/db/repository.go:13.54,17.2 1 1
github.com/scyanh/crawler/pkg/infra/db/repository.go:21.61,25.24 3 1
github.com/scyanh/crawler/pkg/infra/db/repository.go:25.24,27.3 1 1
github.com/scyanh/crawler/pkg/infra/db/repository.go:30.2,31.13 2 1
github.com/scyanh/crawler/pkg/domain/usecases/crawler.go:17.116,19.34 2 1
github.com/scyanh/crawler/pkg/domain/usecases/crawler.go:19.34,24.3 1 1
github.com/scyanh/crawler/pkg/domain/usecases/crawler.go:25.2,28.3 1 1
github.com/scyanh/crawler/pkg/domain/usecases/crawler.go:32.50,40.32 5 1
github.com/scyanh/crawler/pkg/domain/usecases/crawler.go:40.32,43.3 2 1
github.com/scyanh/crawler/pkg/domain/usecases/crawler.go:45.2,45.46 1 1
github.com/scyanh/crawler/pkg/domain/usecases/crawler.go:49.114,53.38 3 1
github.com/scyanh/crawler/pkg/domain/usecases/crawler.go:53.38,56.3 2 1
github.com/scyanh/crawler/pkg/domain/usecases/crawler.go:58.2,62.12 3 1
github.com/scyanh/crawler/pkg/domain/usecases/crawler.go:62.12,65.3 2 1
github.com/scyanh/crawler/pkg/domain/usecases/crawler.go:68.2,69.20 2 1
github.com/scyanh/crawler/pkg/domain/usecases/worker.go:20.129,23.31 2 1
github.com/scyanh/crawler/pkg/domain/usecases/worker.go:23.31,24.31 1 1
github.com/scyanh/crawler/pkg/domain/usecases/worker.go:24.31,28.18 3 1
github.com/scyanh/crawler/pkg/domain/usecases/worker.go:28.18,31.5 2 0
github.com/scyanh/crawler/pkg/domain/usecases/worker.go:31.10,32.32 1 1
github.com/scyanh/crawler/pkg/domain/usecases/worker.go:32.32,35.6 2 1
github.com/scyanh/crawler/pkg/domain/usecases/worker.go:38.4,39.30 2 1
github.com/scyanh/crawler/pkg/domain/usecases/worker.go:43.3,43.16 1 1
github.com/scyanh/crawler/pkg/domain/usecases/worker.go:48.71,50.16 2 1
github.com/scyanh/crawler/pkg/domain/usecases/worker.go:50.16,52.3 1 0
github.com/scyanh/crawler/pkg/domain/usecases/worker.go:54.2,55.16 2 1
github.com/scyanh/crawler/pkg/domain/usecases/worker.go:55.16,57.3 1 0
github.com/scyanh/crawler/pkg/domain/usecases/worker.go:59.2,61.25 3 1
github.com/scyanh/crawler/pkg/domain/usecases/worker.go:61.25,62.50 1 1
github.com/scyanh/crawler/pkg/domain/usecases/worker.go:62.50,63.29 1 1
github.com/scyanh/crawler/pkg/domain/usecases/worker.go:63.29,64.24 1 1
github.com/scyanh/crawler/pkg/domain/usecases/worker.go:64.24,65.30 1 1
github.com/scyanh/crawler/pkg/domain/usecases/worker.go:65.30,68.7 2 1
github.com/scyanh/crawler/pkg/domain/usecases/worker.go:72.3,72.54 1 1
github.com/scyanh/crawler/pkg/domain/usecases/worker.go:72.54,74.4 1 1
github.com/scyanh/crawler/pkg/domain/usecases/worker.go:76.2,77.19 2 1
github.com/scyanh/crawler/pkg/domain/usecases/worker.go:81.47,82.41 1 1
github.com/scyanh/crawler/pkg/domain/usecases/worker.go:82.41,84.3 1 1
github.com/scyanh/crawler/pkg/domain/usecases/worker.go:86.2,86.14 1 0
github.com/scyanh/crawler/pkg/infra/http/http_client.go:15.55,21.2 1 1
github.com/scyanh/crawler/pkg/infra/http/http_client.go:24.66,26.16 2 1
github.com/scyanh/crawler/pkg/infra/http/http_client.go:26.16,28.3 1 1
github.com/scyanh/crawler/pkg/infra/http/http_client.go:29.2,31.38 2 1
github.com/scyanh/crawler/pkg/infra/http/http_client.go:31.38,33.3 1 1
github.com/scyanh/crawler/pkg/infra/http/http_client.go:35.2,36.16 2 1
github.com/scyanh/crawler/pkg/infra/http/http_client.go:36.16,38.3 1 0
github.com/scyanh/crawler/pkg/infra/http/http_client.go:40.2,40.31 1 1
