mode: set
github.com/scyanh/crawler/pkg/infra/http/http_client.go:13.55,19.2 1 0
github.com/scyanh/crawler/pkg/infra/http/http_client.go:21.66,23.16 2 0
github.com/scyanh/crawler/pkg/infra/http/http_client.go:23.16,25.3 1 0
github.com/scyanh/crawler/pkg/infra/http/http_client.go:26.2,28.38 2 0
github.com/scyanh/crawler/pkg/infra/http/http_client.go:28.38,30.3 1 0
github.com/scyanh/crawler/pkg/infra/http/http_client.go:32.2,33.16 2 0
github.com/scyanh/crawler/pkg/infra/http/http_client.go:33.16,35.3 1 0
github.com/scyanh/crawler/pkg/infra/http/http_client.go:37.2,37.31 1 0
github.com/scyanh/crawler/pkg/infra/db/repository.go:13.54,17.2 1 0
github.com/scyanh/crawler/pkg/infra/db/repository.go:19.71,23.2 3 0
github.com/scyanh/crawler/pkg/infra/db/repository.go:25.65,29.2 3 0
github.com/scyanh/crawler/pkg/domain/usecases/crawler.go:15.116,17.34 2 1
github.com/scyanh/crawler/pkg/domain/usecases/crawler.go:17.34,22.3 1 1
github.com/scyanh/crawler/pkg/domain/usecases/crawler.go:23.2,26.3 1 1
github.com/scyanh/crawler/pkg/domain/usecases/crawler.go:29.50,35.31 4 1
github.com/scyanh/crawler/pkg/domain/usecases/crawler.go:35.31,37.3 1 1
github.com/scyanh/crawler/pkg/domain/usecases/crawler.go:40.95,44.38 3 1
github.com/scyanh/crawler/pkg/domain/usecases/crawler.go:44.38,47.3 2 1
github.com/scyanh/crawler/pkg/domain/usecases/crawler.go:49.2,55.20 6 1
github.com/scyanh/crawler/pkg/domain/usecases/worker.go:17.110,20.31 2 1
github.com/scyanh/crawler/pkg/domain/usecases/worker.go:20.31,23.17 2 1
github.com/scyanh/crawler/pkg/domain/usecases/worker.go:23.17,26.12 3 0
github.com/scyanh/crawler/pkg/domain/usecases/worker.go:29.3,29.30 1 1
github.com/scyanh/crawler/pkg/domain/usecases/worker.go:29.30,31.42 2 1
github.com/scyanh/crawler/pkg/domain/usecases/worker.go:31.42,35.5 3 1
github.com/scyanh/crawler/pkg/domain/usecases/worker.go:37.3,39.16 2 1
github.com/scyanh/crawler/pkg/domain/usecases/worker.go:43.71,45.16 2 1
github.com/scyanh/crawler/pkg/domain/usecases/worker.go:45.16,47.3 1 0
github.com/scyanh/crawler/pkg/domain/usecases/worker.go:49.2,50.16 2 1
github.com/scyanh/crawler/pkg/domain/usecases/worker.go:50.16,52.3 1 0
github.com/scyanh/crawler/pkg/domain/usecases/worker.go:54.2,56.25 3 1
github.com/scyanh/crawler/pkg/domain/usecases/worker.go:56.25,57.50 1 1
github.com/scyanh/crawler/pkg/domain/usecases/worker.go:57.50,58.29 1 1
github.com/scyanh/crawler/pkg/domain/usecases/worker.go:58.29,59.24 1 1
github.com/scyanh/crawler/pkg/domain/usecases/worker.go:59.24,60.110 1 1
github.com/scyanh/crawler/pkg/domain/usecases/worker.go:60.110,63.7 2 1
github.com/scyanh/crawler/pkg/domain/usecases/worker.go:63.12,65.7 1 0
github.com/scyanh/crawler/pkg/domain/usecases/worker.go:69.3,69.54 1 1
github.com/scyanh/crawler/pkg/domain/usecases/worker.go:69.54,71.4 1 1
github.com/scyanh/crawler/pkg/domain/usecases/worker.go:73.2,74.19 2 1
